demo/build/outputs/logs/manifest-merger-debug-report.txt
-- Merging decision tree log ---
manifest
ADDED from src/main/AndroidManifest.xml:2:1-157:12
INJECTED from src/main/AndroidManifest.xml:2:1-157:12
INJECTED from src/main/AndroidManifest.xml:2:1-157:12
INJECTED from src/main/AndroidManifest.xml:2:1-157:12
MERGED from [com.squareup.leakcanary:leakcanary-android:2.4] AndroidManifest.xml:17:1-28:12
MERGED from [com.android.support:multidex:1.0.2] AndroidManifest.xml:17:1-22:12
MERGED from [:csj] AndroidManifest.xml:2:1-29:12
MERGED from [open_ad_sdk.aar] AndroidManifest.xml:2:1-168:12
MERGED from [:gdt] AndroidManifest.xml:2:1-26:12
MERGED from [GDTSDK.unionNormal.4.333.1203.aar] AndroidManifest.xml:2:1-63:12
MERGED from [:baidu] AndroidManifest.xml:2:1-30:12
MERGED from [Baidu_MobAds_SDK-release.aar] AndroidManifest.xml:2:1-20:12
MERGED from [:core] AndroidManifest.xml:2:1-11:12
MERGED from [com.android.support:appcompat-v7:28.0.0] AndroidManifest.xml:17:1-22:12
MERGED from [com.android.support:recyclerview-v7:28.0.0] AndroidManifest.xml:17:1-22:12
MERGED from [com.squareup.leakcanary:leakcanary-android-core:2.4] AndroidManifest.xml:17:1-75:12
MERGED from [com.squareup.leakcanary:leakcanary-object-watcher-android-androidx:2.4] AndroidManifest.xml:2:1-7:12
MERGED from [com.squareup.leakcanary:leakcanary-object-watcher-android-support-fragments:2.4] AndroidManifest.xml:2:1-7:12
MERGED from [com.squareup.leakcanary:leakcanary-object-watcher-android:2.4] AndroidManifest.xml:2:1-15:12
MERGED from [com.squareup.leakcanary:plumber-android:2.4] AndroidManifest.xml:2:1-15:12
MERGED from [com.android.support:support-fragment:28.0.0] AndroidManifest.xml:17:1-22:12
MERGED from [com.android.support:animated-vector-drawable:28.0.0] AndroidManifest.xml:17:1-22:12
MERGED from [com.android.support:support-core-ui:28.0.0] AndroidManifest.xml:17:1-22:12
MERGED from [com.android.support:support-core-utils:28.0.0] AndroidManifest.xml:17:1-22:12
MERGED from [com.android.support:support-vector-drawable:28.0.0] AndroidManifest.xml:17:1-22:12
MERGED from [com.android.support:loader:28.0.0] AndroidManifest.xml:17:1-22:12
MERGED from [com.android.support:viewpager:28.0.0] AndroidManifest.xml:17:1-22:12
MERGED from [com.android.support:coordinatorlayout:28.0.0] AndroidManifest.xml:17:1-22:12
MERGED from [com.android.support:drawerlayout:28.0.0] AndroidManifest.xml:17:1-22:12
MERGED from [com.android.support:slidingpanelayout:28.0.0] AndroidManifest.xml:17:1-22:12
MERGED from [com.android.support:customview:28.0.0] AndroidManifest.xml:17:1-22:12
MERGED from [com.android.support:swiperefreshlayout:28.0.0] AndroidManifest.xml:17:1-22:12
MERGED from [com.android.support:asynclayoutinflater:28.0.0] AndroidManifest.xml:17:1-22:12
MERGED from [com.android.support:support-compat:28.0.0] AndroidManifest.xml:17:1-24:12
MERGED from [com.android.support:versionedparcelable:28.0.0] AndroidManifest.xml:17:1-25:12
MERGED from [com.android.support:cursoradapter:28.0.0] AndroidManifest.xml:17:1-22:12
MERGED from [android.arch.lifecycle:runtime:1.1.1] AndroidManifest.xml:17:1-22:12
MERGED from [com.android.support:documentfile:28.0.0] AndroidManifest.xml:17:1-22:12
MERGED from [com.android.support:localbroadcastmanager:28.0.0] AndroidManifest.xml:17:1-22:12
MERGED from [com.android.support:print:28.0.0] AndroidManifest.xml:17:1-22:12
MERGED from [android.arch.lifecycle:viewmodel:1.1.1] AndroidManifest.xml:17:1-22:12
MERGED from [com.android.support:interpolator:28.0.0] AndroidManifest.xml:17:1-22:12
MERGED from [android.arch.lifecycle:livedata:1.1.1] AndroidManifest.xml:17:1-22:12
MERGED from [android.arch.lifecycle:livedata-core:1.1.1] AndroidManifest.xml:17:1-22:12
MERGED from [android.arch.core:runtime:1.1.1] AndroidManifest.xml:17:1-22:12
INJECTED from src/main/AndroidManifest.xml:2:1-157:12
INJECTED from src/main/AndroidManifest.xml:2:1-157:12
INJECTED from src/main/AndroidManifest.xml:2:1-157:12
	package
		ADDED from src/main/AndroidManifest.xml:4:5-40
		INJECTED from src/main/AndroidManifest.xml
		INJECTED from src/main/AndroidManifest.xml
	android:versionName
		INJECTED from src/main/AndroidManifest.xml
		ADDED from src/main/AndroidManifest.xml:2:1-157:12
		INJECTED from src/main/AndroidManifest.xml
	xmlns:tools
		ADDED from src/main/AndroidManifest.xml:3:5-51
	android:versionCode
		INJECTED from src/main/AndroidManifest.xml
		ADDED from src/main/AndroidManifest.xml:2:1-157:12
		INJECTED from src/main/AndroidManifest.xml
	xmlns:android
		ADDED from src/main/AndroidManifest.xml:2:11-69
application
ADDED from src/main/AndroidManifest.xml:6:5-155:19
MERGED from [com.squareup.leakcanary:leakcanary-android:2.4] AndroidManifest.xml:22:5-26:19
MERGED from [com.squareup.leakcanary:leakcanary-android:2.4] AndroidManifest.xml:22:5-26:19
MERGED from [:csj] AndroidManifest.xml:11:5-27:19
MERGED from [:csj] AndroidManifest.xml:11:5-27:19
MERGED from [open_ad_sdk.aar] AndroidManifest.xml:32:5-166:19
MERGED from [open_ad_sdk.aar] AndroidManifest.xml:32:5-166:19
MERGED from [:gdt] AndroidManifest.xml:11:5-24:19
MERGED from [:gdt] AndroidManifest.xml:11:5-24:19
MERGED from [GDTSDK.unionNormal.4.333.1203.aar] AndroidManifest.xml:18:5-61:19
MERGED from [GDTSDK.unionNormal.4.333.1203.aar] AndroidManifest.xml:18:5-61:19
MERGED from [:baidu] AndroidManifest.xml:11:5-28:19
MERGED from [:baidu] AndroidManifest.xml:11:5-28:19
MERGED from [Baidu_MobAds_SDK-release.aar] AndroidManifest.xml:11:5-18:19
MERGED from [Baidu_MobAds_SDK-release.aar] AndroidManifest.xml:11:5-18:19
MERGED from [com.squareup.leakcanary:leakcanary-android-core:2.4] AndroidManifest.xml:28:5-73:19
MERGED from [com.squareup.leakcanary:leakcanary-android-core:2.4] AndroidManifest.xml:28:5-73:19
MERGED from [com.squareup.leakcanary:leakcanary-object-watcher-android:2.4] AndroidManifest.xml:7:5-13:19
MERGED from [com.squareup.leakcanary:leakcanary-object-watcher-android:2.4] AndroidManifest.xml:7:5-13:19
MERGED from [com.squareup.leakcanary:plumber-android:2.4] AndroidManifest.xml:7:5-13:19
MERGED from [com.squareup.leakcanary:plumber-android:2.4] AndroidManifest.xml:7:5-13:19
MERGED from [com.android.support:support-compat:28.0.0] AndroidManifest.xml:22:5-94
MERGED from [com.android.support:support-compat:28.0.0] AndroidManifest.xml:22:5-94
MERGED from [com.android.support:versionedparcelable:28.0.0] AndroidManifest.xml:22:5-23:19
MERGED from [com.android.support:versionedparcelable:28.0.0] AndroidManifest.xml:22:5-23:19
	android:appComponentFactory
		ADDED from [com.android.support:support-compat:28.0.0] AndroidManifest.xml:22:18-91
	android:supportsRtl
		ADDED from src/main/AndroidManifest.xml:12:9-35
	android:label
		ADDED from src/main/AndroidManifest.xml:10:9-41
	tools:ignore
		ADDED from src/main/AndroidManifest.xml:14:9-48
	android:roundIcon
		ADDED from src/main/AndroidManifest.xml:11:9-54
	android:icon
		ADDED from src/main/AndroidManifest.xml:9:9-43
	android:allowBackup
		ADDED from src/main/AndroidManifest.xml:8:9-35
	android:theme
		ADDED from src/main/AndroidManifest.xml:13:9-40
	android:usesCleartextTraffic
		ADDED from [open_ad_sdk.aar] AndroidManifest.xml:34:9-44
	android:name
		ADDED from src/main/AndroidManifest.xml:7:9-32
activity#com.ifmvo.togetherad.demo.splash.SplashActivity
ADDED from src/main/AndroidManifest.xml:19:9-27:20
	android:exported
		ADDED from src/main/AndroidManifest.xml:21:13-36
	android:theme
		ADDED from src/main/AndroidManifest.xml:22:13-47
	android:name
		ADDED from src/main/AndroidManifest.xml:20:13-50
intent-filter#action:name:android.intent.action.MAIN+category:name:android.intent.category.LAUNCHER
ADDED from src/main/AndroidManifest.xml:23:13-26:29
action#android.intent.action.MAIN
ADDED from src/main/AndroidManifest.xml:24:17-69
	android:name
		ADDED from src/main/AndroidManifest.xml:24:25-66
category#android.intent.category.LAUNCHER
ADDED from src/main/AndroidManifest.xml:25:17-77
	android:name
		ADDED from src/main/AndroidManifest.xml:25:27-74
activity#com.ifmvo.togetherad.demo.MainActivity
ADDED from src/main/AndroidManifest.xml:32:9-33:38
	android:exported
		ADDED from src/main/AndroidManifest.xml:33:13-36
	android:name
		ADDED from src/main/AndroidManifest.xml:32:19-47
activity#com.ifmvo.togetherad.demo.splash.SplashProActivity
ADDED from src/main/AndroidManifest.xml:38:9-42:15
	android:exported
		ADDED from src/main/AndroidManifest.xml:41:13-36
	android:theme
		ADDED from src/main/AndroidManifest.xml:40:13-47
	android:name
		ADDED from src/main/AndroidManifest.xml:39:13-53
activity#com.ifmvo.togetherad.demo.splash.SplashHotActivity
ADDED from src/main/AndroidManifest.xml:47:9-51:15
	android:exported
		ADDED from src/main/AndroidManifest.xml:50:13-36
	android:theme
		ADDED from src/main/AndroidManifest.xml:49:13-47
	android:name
		ADDED from src/main/AndroidManifest.xml:48:13-53
activity#com.ifmvo.togetherad.demo.hybrid.SplashHybridActivity
ADDED from src/main/AndroidManifest.xml:56:9-60:15
	android:exported
		ADDED from src/main/AndroidManifest.xml:59:13-36
	android:theme
		ADDED from src/main/AndroidManifest.xml:58:13-47
	android:name
		ADDED from src/main/AndroidManifest.xml:57:13-56
activity#com.ifmvo.togetherad.demo.express2.NativeExpress2SimpleActivity
ADDED from src/main/AndroidManifest.xml:65:9-67:15
	android:exported
		ADDED from src/main/AndroidManifest.xml:66:13-36
	android:name
		ADDED from src/main/AndroidManifest.xml:65:19-72
activity#com.ifmvo.togetherad.demo.express2.NativeExpress2RecyclerViewActivity
ADDED from src/main/AndroidManifest.xml:72:9-74:15
	android:exported
		ADDED from src/main/AndroidManifest.xml:73:13-36
	android:name
		ADDED from src/main/AndroidManifest.xml:72:19-78
activity#com.ifmvo.togetherad.demo.express.NativeExpressSimpleActivity
ADDED from src/main/AndroidManifest.xml:79:9-81:15
	android:exported
		ADDED from src/main/AndroidManifest.xml:80:13-36
	android:name
		ADDED from src/main/AndroidManifest.xml:79:19-70
activity#com.ifmvo.togetherad.demo.express.NativeExpressRecyclerViewActivity
ADDED from src/main/AndroidManifest.xml:86:9-88:15
	android:exported
		ADDED from src/main/AndroidManifest.xml:87:13-36
	android:name
		ADDED from src/main/AndroidManifest.xml:86:19-76
activity#com.ifmvo.togetherad.demo.native_.NativeSimpleActivity
ADDED from src/main/AndroidManifest.xml:93:9-95:15
	android:exported
		ADDED from src/main/AndroidManifest.xml:94:13-36
	android:name
		ADDED from src/main/AndroidManifest.xml:93:19-63
activity#com.ifmvo.togetherad.demo.native_.NativeRecyclerViewActivity
ADDED from src/main/AndroidManifest.xml:100:9-102:15
	android:exported
		ADDED from src/main/AndroidManifest.xml:101:13-36
	android:name
		ADDED from src/main/AndroidManifest.xml:100:19-69
activity#com.ifmvo.togetherad.demo.reward.RewardActivity
ADDED from src/main/AndroidManifest.xml:107:9-109:38
	android:exported
		ADDED from src/main/AndroidManifest.xml:109:13-36
	android:name
		ADDED from src/main/AndroidManifest.xml:107:19-56
activity#com.ifmvo.togetherad.demo.other.HelpActivity
ADDED from src/main/AndroidManifest.xml:114:9-116:15
	android:exported
		ADDED from src/main/AndroidManifest.xml:115:13-36
	android:name
		ADDED from src/main/AndroidManifest.xml:114:19-53
activity#com.ifmvo.togetherad.demo.banner.BannerActivity
ADDED from src/main/AndroidManifest.xml:121:9-123:15
	android:exported
		ADDED from src/main/AndroidManifest.xml:122:13-36
	android:name
		ADDED from src/main/AndroidManifest.xml:121:19-56
activity#com.ifmvo.togetherad.demo.inter.InterActivity
ADDED from src/main/AndroidManifest.xml:128:9-130:15
	android:exported
		ADDED from src/main/AndroidManifest.xml:129:13-36
	android:name
		ADDED from src/main/AndroidManifest.xml:128:19-54
activity#com.ifmvo.togetherad.demo.hybrid.NativeExpressHybridActivity
ADDED from src/main/AndroidManifest.xml:135:9-137:15
	android:exported
		ADDED from src/main/AndroidManifest.xml:136:13-36
	android:name
		ADDED from src/main/AndroidManifest.xml:135:19-69
activity#com.ifmvo.togetherad.demo.fullvideo.FullVideoActivity
ADDED from src/main/AndroidManifest.xml:142:9-146:15
	android:exported
		ADDED from src/main/AndroidManifest.xml:145:13-36
	android:configChanges
		ADDED from src/main/AndroidManifest.xml:144:13-83
	android:name
		ADDED from src/main/AndroidManifest.xml:143:13-56
activity#com.ifmvo.togetherad.demo.hybrid.VerticalPreMovieHybridActivity
ADDED from src/main/AndroidManifest.xml:151:9-153:15
	android:exported
		ADDED from src/main/AndroidManifest.xml:152:13-36
	android:name
		ADDED from src/main/AndroidManifest.xml:151:19-72
uses-sdk
INJECTED from src/main/AndroidManifest.xml reason: use-sdk injection requested
INJECTED from src/main/AndroidManifest.xml
INJECTED from src/main/AndroidManifest.xml
MERGED from [com.squareup.leakcanary:leakcanary-android:2.4] AndroidManifest.xml:20:5-44
MERGED from [com.squareup.leakcanary:leakcanary-android:2.4] AndroidManifest.xml:20:5-44
MERGED from [com.android.support:multidex:1.0.2] AndroidManifest.xml:20:5-43
MERGED from [com.android.support:multidex:1.0.2] AndroidManifest.xml:20:5-43
MERGED from [:csj] AndroidManifest.xml:7:5-9:41
MERGED from [:csj] AndroidManifest.xml:7:5-9:41
MERGED from [open_ad_sdk.aar] AndroidManifest.xml:8:5-11:611
MERGED from [open_ad_sdk.aar] AndroidManifest.xml:8:5-11:611
MERGED from [:gdt] AndroidManifest.xml:7:5-9:41
MERGED from [:gdt] AndroidManifest.xml:7:5-9:41
MERGED from [GDTSDK.unionNormal.4.333.1203.aar] AndroidManifest.xml:7:5-9:41
MERGED from [GDTSDK.unionNormal.4.333.1203.aar] AndroidManifest.xml:7:5-9:41
MERGED from [:baidu] AndroidManifest.xml:7:5-9:41
MERGED from [:baidu] AndroidManifest.xml:7:5-9:41
MERGED from [Baidu_MobAds_SDK-release.aar] AndroidManifest.xml:7:5-9:41
MERGED from [Baidu_MobAds_SDK-release.aar] AndroidManifest.xml:7:5-9:41
MERGED from [:core] AndroidManifest.xml:7:5-9:41
MERGED from [:core] AndroidManifest.xml:7:5-9:41
MERGED from [com.android.support:appcompat-v7:28.0.0] AndroidManifest.xml:20:5-44
MERGED from [com.android.support:appcompat-v7:28.0.0] AndroidManifest.xml:20:5-44
MERGED from [com.android.support:recyclerview-v7:28.0.0] AndroidManifest.xml:20:5-44
MERGED from [com.android.support:recyclerview-v7:28.0.0] AndroidManifest.xml:20:5-44
MERGED from [com.squareup.leakcanary:leakcanary-android-core:2.4] AndroidManifest.xml:20:5-44
MERGED from [com.squareup.leakcanary:leakcanary-android-core:2.4] AndroidManifest.xml:20:5-44
MERGED from [com.squareup.leakcanary:leakcanary-object-watcher-android-androidx:2.4] AndroidManifest.xml:5:5-44
MERGED from [com.squareup.leakcanary:leakcanary-object-watcher-android-androidx:2.4] AndroidManifest.xml:5:5-44
MERGED from [com.squareup.leakcanary:leakcanary-object-watcher-android-support-fragments:2.4] AndroidManifest.xml:5:5-44
MERGED from [com.squareup.leakcanary:leakcanary-object-watcher-android-support-fragments:2.4] AndroidManifest.xml:5:5-44
MERGED from [com.squareup.leakcanary:leakcanary-object-watcher-android:2.4] AndroidManifest.xml:5:5-44
MERGED from [com.squareup.leakcanary:leakcanary-object-watcher-android:2.4] AndroidManifest.xml:5:5-44
MERGED from [com.squareup.leakcanary:plumber-android:2.4] AndroidManifest.xml:5:5-44
MERGED from [com.squareup.leakcanary:plumber-android:2.4] AndroidManifest.xml:5:5-44
MERGED from [com.android.support:support-fragment:28.0.0] AndroidManifest.xml:20:5-44
MERGED from [com.android.support:support-fragment:28.0.0] AndroidManifest.xml:20:5-44
MERGED from [com.android.support:animated-vector-drawable:28.0.0] AndroidManifest.xml:20:5-44
MERGED from [com.android.support:animated-vector-drawable:28.0.0] AndroidManifest.xml:20:5-44
MERGED from [com.android.support:support-core-ui:28.0.0] AndroidManifest.xml:20:5-44
MERGED from [com.android.support:support-core-ui:28.0.0] AndroidManifest.xml:20:5-44
MERGED from [com.android.support:support-core-utils:28.0.0] AndroidManifest.xml:20:5-44
MERGED from [com.android.support:support-core-utils:28.0.0] AndroidManifest.xml:20:5-44
MERGED from [com.android.support:support-vector-drawable:28.0.0] AndroidManifest.xml:20:5-44
MERGED from [com.android.support:support-vector-drawable:28.0.0] AndroidManifest.xml:20:5-44
MERGED from [com.android.support:loader:28.0.0] AndroidManifest.xml:20:5-44
MERGED from [com.android.support:loader:28.0.0] AndroidManifest.xml:20:5-44
MERGED from [com.android.support:viewpager:28.0.0] AndroidManifest.xml:20:5-44
MERGED from [com.android.support:viewpager:28.0.0] AndroidManifest.xml:20:5-44
MERGED from [com.android.support:coordinatorlayout:28.0.0] AndroidManifest.xml:20:5-44
MERGED from [com.android.support:coordinatorlayout:28.0.0] AndroidManifest.xml:20:5-44
MERGED from [com.android.support:drawerlayout:28.0.0] AndroidManifest.xml:20:5-44
MERGED from [com.android.support:drawerlayout:28.0.0] AndroidManifest.xml:20:5-44
MERGED from [com.android.support:slidingpanelayout:28.0.0] AndroidManifest.xml:20:5-44
MERGED from [com.android.support:slidingpanelayout:28.0.0] AndroidManifest.xml:20:5-44
MERGED from [com.android.support:customview:28.0.0] AndroidManifest.xml:20:5-44
MERGED from [com.android.support:customview:28.0.0] AndroidManifest.xml:20:5-44
MERGED from [com.android.support:swiperefreshlayout:28.0.0] AndroidManifest.xml:20:5-44
MERGED from [com.android.support:swiperefreshlayout:28.0.0] AndroidManifest.xml:20:5-44
MERGED from [com.android.support:asynclayoutinflater:28.0.0] AndroidManifest.xml:20:5-44
MERGED from [com.android.support:asynclayoutinflater:28.0.0] AndroidManifest.xml:20:5-44
MERGED from [com.android.support:support-compat:28.0.0] AndroidManifest.xml:20:5-44
MERGED from [com.android.support:support-compat:28.0.0] AndroidManifest.xml:20:5-44
MERGED from [com.android.support:versionedparcelable:28.0.0] AndroidManifest.xml:20:5-44
MERGED from [com.android.support:versionedparcelable:28.0.0] AndroidManifest.xml:20:5-44
MERGED from [com.android.support:cursoradapter:28.0.0] AndroidManifest.xml:20:5-44
MERGED from [com.android.support:cursoradapter:28.0.0] AndroidManifest.xml:20:5-44
MERGED from [android.arch.lifecycle:runtime:1.1.1] AndroidManifest.xml:20:5-44
MERGED from [android.arch.lifecycle:runtime:1.1.1] AndroidManifest.xml:20:5-44
MERGED from [com.android.support:documentfile:28.0.0] AndroidManifest.xml:20:5-44
MERGED from [com.android.support:documentfile:28.0.0] AndroidManifest.xml:20:5-44
MERGED from [com.android.support:localbroadcastmanager:28.0.0] AndroidManifest.xml:20:5-44
MERGED from [com.android.support:localbroadcastmanager:28.0.0] AndroidManifest.xml:20:5-44
MERGED from [com.android.support:print:28.0.0] AndroidManifest.xml:20:5-44
MERGED from [com.android.support:print:28.0.0] AndroidManifest.xml:20:5-44
MERGED from [android.arch.lifecycle:viewmodel:1.1.1] AndroidManifest.xml:20:5-44
MERGED from [android.arch.lifecycle:viewmodel:1.1.1] AndroidManifest.xml:20:5-44
MERGED from [com.android.support:interpolator:28.0.0] AndroidManifest.xml:20:5-44
MERGED from [com.android.support:interpolator:28.0.0] AndroidManifest.xml:20:5-44
MERGED from [android.arch.lifecycle:livedata:1.1.1] AndroidManifest.xml:20:5-44
MERGED from [android.arch.lifecycle:livedata:1.1.1] AndroidManifest.xml:20:5-44
MERGED from [android.arch.lifecycle:livedata-core:1.1.1] AndroidManifest.xml:20:5-44
MERGED from [android.arch.lifecycle:livedata-core:1.1.1] AndroidManifest.xml:20:5-44
MERGED from [android.arch.core:runtime:1.1.1] AndroidManifest.xml:20:5-44
MERGED from [android.arch.core:runtime:1.1.1] AndroidManifest.xml:20:5-44
INJECTED from src/main/AndroidManifest.xml
INJECTED from src/main/AndroidManifest.xml
	tools:overrideLibrary
		ADDED from [open_ad_sdk.aar] AndroidManifest.xml:11:9-608
	android:targetSdkVersion
		INJECTED from src/main/AndroidManifest.xml
		ADDED from src/main/AndroidManifest.xml
		INJECTED from src/main/AndroidManifest.xml
	android:minSdkVersion
		INJECTED from src/main/AndroidManifest.xml
		ADDED from src/main/AndroidManifest.xml
		INJECTED from src/main/AndroidManifest.xml
service#leakcanary.internal.HeapAnalyzerService
ADDED from [com.squareup.leakcanary:leakcanary-android:2.4] AndroidManifest.xml:23:9-25:40
	android:exported
		ADDED from [com.squareup.leakcanary:leakcanary-android:2.4] AndroidManifest.xml:25:13-37
	android:name
		ADDED from [com.squareup.leakcanary:leakcanary-android:2.4] AndroidManifest.xml:24:13-67
provider#com.bytedance.sdk.openadsdk.TTFileProvider
ADDED from [:csj] AndroidManifest.xml:14:9-22:20
	android:grantUriPermissions
		ADDED from [:csj] AndroidManifest.xml:18:13-47
	android:authorities
		ADDED from [:csj] AndroidManifest.xml:16:13-66
	android:exported
		ADDED from [:csj] AndroidManifest.xml:17:13-37
	android:name
		ADDED from [:csj] AndroidManifest.xml:15:13-70
meta-data#android.support.FILE_PROVIDER_PATHS
ADDED from [:csj] AndroidManifest.xml:19:13-21:58
	android:resource
		ADDED from [:csj] AndroidManifest.xml:21:17-55
	android:name
		ADDED from [:csj] AndroidManifest.xml:20:17-67
provider#com.bytedance.sdk.openadsdk.multipro.TTMultiProvider
ADDED from [:csj] AndroidManifest.xml:23:9-26:40
	android:authorities
		ADDED from [:csj] AndroidManifest.xml:25:13-67
	android:exported
		ADDED from [:csj] AndroidManifest.xml:26:13-37
	android:name
		ADDED from [:csj] AndroidManifest.xml:24:13-80
uses-permission#com.asus.msa.SupplementaryDID.ACCESS
ADDED from [open_ad_sdk.aar] AndroidManifest.xml:13:5-76
	android:name
		ADDED from [open_ad_sdk.aar] AndroidManifest.xml:13:22-73
queries
ADDED from [open_ad_sdk.aar] AndroidManifest.xml:15:5-23:15
intent
ADDED from [open_ad_sdk.aar] AndroidManifest.xml:16:9-22:18
action#android.intent.action.VIEW
ADDED from [open_ad_sdk.aar] AndroidManifest.xml:17:13-65
	android:name
		ADDED from [open_ad_sdk.aar] AndroidManifest.xml:17:21-62
category#android.intent.category.BROWSABLE
ADDED from [open_ad_sdk.aar] AndroidManifest.xml:19:13-74
	android:name
		ADDED from [open_ad_sdk.aar] AndroidManifest.xml:19:23-71
data
ADDED from [open_ad_sdk.aar] AndroidManifest.xml:21:13-44
	android:scheme
		ADDED from [open_ad_sdk.aar] AndroidManifest.xml:21:19-41
uses-permission#android.permission.ACCESS_NETWORK_STATE
ADDED from [open_ad_sdk.aar] AndroidManifest.xml:25:5-79
MERGED from [GDTSDK.unionNormal.4.333.1203.aar] AndroidManifest.xml:12:5-79
MERGED from [GDTSDK.unionNormal.4.333.1203.aar] AndroidManifest.xml:12:5-79
	android:name
		ADDED from [open_ad_sdk.aar] AndroidManifest.xml:25:22-76
uses-permission#android.permission.REORDER_TASKS
ADDED from [open_ad_sdk.aar] AndroidManifest.xml:26:5-72
	android:name
		ADDED from [open_ad_sdk.aar] AndroidManifest.xml:26:22-69
uses-permission#android.permission.WRITE_EXTERNAL_STORAGE
ADDED from [open_ad_sdk.aar] AndroidManifest.xml:27:5-81
MERGED from [com.squareup.leakcanary:leakcanary-android-core:2.4] AndroidManifest.xml:24:5-81
MERGED from [com.squareup.leakcanary:leakcanary-android-core:2.4] AndroidManifest.xml:24:5-81
	android:name
		ADDED from [open_ad_sdk.aar] AndroidManifest.xml:27:22-78
uses-permission#android.permission.INTERNET
ADDED from [open_ad_sdk.aar] AndroidManifest.xml:28:5-67
MERGED from [GDTSDK.unionNormal.4.333.1203.aar] AndroidManifest.xml:11:5-67
MERGED from [GDTSDK.unionNormal.4.333.1203.aar] AndroidManifest.xml:11:5-67
	android:name
		ADDED from [open_ad_sdk.aar] AndroidManifest.xml:28:22-64
uses-permission#android.permission.READ_PHONE_STATE
ADDED from [open_ad_sdk.aar] AndroidManifest.xml:29:5-75
	android:name
		ADDED from [open_ad_sdk.aar] AndroidManifest.xml:29:22-72
uses-permission#android.permission.READ_EXTERNAL_STORAGE
ADDED from [open_ad_sdk.aar] AndroidManifest.xml:30:5-80
MERGED from [com.squareup.leakcanary:leakcanary-android-core:2.4] AndroidManifest.xml:23:5-80
MERGED from [com.squareup.leakcanary:leakcanary-android-core:2.4] AndroidManifest.xml:23:5-80
	android:name
		ADDED from [open_ad_sdk.aar] AndroidManifest.xml:30:22-77
receiver#com.bytedance.embedapplog.collector.Collector
ADDED from [open_ad_sdk.aar] AndroidManifest.xml:35:9-38:40
	android:enabled
		ADDED from [open_ad_sdk.aar] AndroidManifest.xml:37:13-35
	android:exported
		ADDED from [open_ad_sdk.aar] AndroidManifest.xml:38:13-37
	android:name
		ADDED from [open_ad_sdk.aar] AndroidManifest.xml:36:13-73
activity#com.bytedance.sdk.openadsdk.activity.base.TTWebPageActivity
ADDED from [open_ad_sdk.aar] AndroidManifest.xml:40:9-45:57
	android:launchMode
		ADDED from [open_ad_sdk.aar] AndroidManifest.xml:43:13-42
	android:windowSoftInputMode
		ADDED from [open_ad_sdk.aar] AndroidManifest.xml:45:13-54
	android:configChanges
		ADDED from [open_ad_sdk.aar] AndroidManifest.xml:42:13-74
	android:theme
		ADDED from [open_ad_sdk.aar] AndroidManifest.xml:44:13-50
	android:name
		ADDED from [open_ad_sdk.aar] AndroidManifest.xml:41:13-87
activity#com.bytedance.sdk.openadsdk.activity.base.TTMiddlePageActivity
ADDED from [open_ad_sdk.aar] AndroidManifest.xml:46:9-52:57
	android:screenOrientation
		ADDED from [open_ad_sdk.aar] AndroidManifest.xml:50:13-49
	android:launchMode
		ADDED from [open_ad_sdk.aar] AndroidManifest.xml:49:13-42
	android:windowSoftInputMode
		ADDED from [open_ad_sdk.aar] AndroidManifest.xml:52:13-54
	android:configChanges
		ADDED from [open_ad_sdk.aar] AndroidManifest.xml:48:13-74
	android:theme
		ADDED from [open_ad_sdk.aar] AndroidManifest.xml:51:13-50
	android:name
		ADDED from [open_ad_sdk.aar] AndroidManifest.xml:47:13-90
activity#com.bytedance.sdk.openadsdk.activity.base.TTPlayableWebPageActivity
ADDED from [open_ad_sdk.aar] AndroidManifest.xml:53:9-58:57
	android:launchMode
		ADDED from [open_ad_sdk.aar] AndroidManifest.xml:56:13-42
	android:windowSoftInputMode
		ADDED from [open_ad_sdk.aar] AndroidManifest.xml:58:13-54
	android:configChanges
		ADDED from [open_ad_sdk.aar] AndroidManifest.xml:55:13-74
	android:theme
		ADDED from [open_ad_sdk.aar] AndroidManifest.xml:57:13-50
	android:name
		ADDED from [open_ad_sdk.aar] AndroidManifest.xml:54:13-95
activity#com.bytedance.sdk.openadsdk.activity.base.TTVideoWebPageActivity
ADDED from [open_ad_sdk.aar] AndroidManifest.xml:59:9-64:57
	android:launchMode
		ADDED from [open_ad_sdk.aar] AndroidManifest.xml:62:13-42
	android:windowSoftInputMode
		ADDED from [open_ad_sdk.aar] AndroidManifest.xml:64:13-54
	android:configChanges
		ADDED from [open_ad_sdk.aar] AndroidManifest.xml:61:13-74
	android:theme
		ADDED from [open_ad_sdk.aar] AndroidManifest.xml:63:13-50
	android:name
		ADDED from [open_ad_sdk.aar] AndroidManifest.xml:60:13-92
activity#com.bytedance.sdk.openadsdk.activity.base.TTVideoScrollWebPageActivity
ADDED from [open_ad_sdk.aar] AndroidManifest.xml:65:9-70:57
	android:launchMode
		ADDED from [open_ad_sdk.aar] AndroidManifest.xml:68:13-42
	android:windowSoftInputMode
		ADDED from [open_ad_sdk.aar] AndroidManifest.xml:70:13-54
	android:configChanges
		ADDED from [open_ad_sdk.aar] AndroidManifest.xml:67:13-74
	android:theme
		ADDED from [open_ad_sdk.aar] AndroidManifest.xml:69:13-50
	android:name
		ADDED from [open_ad_sdk.aar] AndroidManifest.xml:66:13-98
activity#com.bytedance.sdk.openadsdk.dislike.TTDislikeWebViewActivity
ADDED from [open_ad_sdk.aar] AndroidManifest.xml:71:9-76:57
	android:launchMode
		ADDED from [open_ad_sdk.aar] AndroidManifest.xml:74:13-42
	android:windowSoftInputMode
		ADDED from [open_ad_sdk.aar] AndroidManifest.xml:76:13-54
	android:configChanges
		ADDED from [open_ad_sdk.aar] AndroidManifest.xml:73:13-74
	android:theme
		ADDED from [open_ad_sdk.aar] AndroidManifest.xml:75:13-50
	android:name
		ADDED from [open_ad_sdk.aar] AndroidManifest.xml:72:13-88
activity#com.bytedance.sdk.openadsdk.activity.base.TTDelegateActivity
ADDED from [open_ad_sdk.aar] AndroidManifest.xml:77:9-80:75
	android:launchMode
		ADDED from [open_ad_sdk.aar] AndroidManifest.xml:79:13-42
	android:theme
		ADDED from [open_ad_sdk.aar] AndroidManifest.xml:80:13-72
	android:name
		ADDED from [open_ad_sdk.aar] AndroidManifest.xml:78:13-88
activity#com.bytedance.sdk.openadsdk.activity.base.TTRewardVideoActivity
ADDED from [open_ad_sdk.aar] AndroidManifest.xml:81:9-85:53
	android:launchMode
		ADDED from [open_ad_sdk.aar] AndroidManifest.xml:84:13-42
	android:configChanges
		ADDED from [open_ad_sdk.aar] AndroidManifest.xml:83:13-74
	android:theme
		ADDED from [open_ad_sdk.aar] AndroidManifest.xml:85:13-50
	android:name
		ADDED from [open_ad_sdk.aar] AndroidManifest.xml:82:13-91
activity#com.bytedance.sdk.openadsdk.activity.base.TTRewardExpressVideoActivity
ADDED from [open_ad_sdk.aar] AndroidManifest.xml:86:9-90:53
	android:launchMode
		ADDED from [open_ad_sdk.aar] AndroidManifest.xml:89:13-42
	android:configChanges
		ADDED from [open_ad_sdk.aar] AndroidManifest.xml:88:13-74
	android:theme
		ADDED from [open_ad_sdk.aar] AndroidManifest.xml:90:13-50
	android:name
		ADDED from [open_ad_sdk.aar] AndroidManifest.xml:87:13-98
activity#com.bytedance.sdk.openadsdk.activity.base.TTFullScreenVideoActivity
ADDED from [open_ad_sdk.aar] AndroidManifest.xml:91:9-95:53
	android:launchMode
		ADDED from [open_ad_sdk.aar] AndroidManifest.xml:94:13-42
	android:configChanges
		ADDED from [open_ad_sdk.aar] AndroidManifest.xml:93:13-74
	android:theme
		ADDED from [open_ad_sdk.aar] AndroidManifest.xml:95:13-50
	android:name
		ADDED from [open_ad_sdk.aar] AndroidManifest.xml:92:13-95
activity#com.bytedance.sdk.openadsdk.activity.base.TTFullScreenExpressVideoActivity
ADDED from [open_ad_sdk.aar] AndroidManifest.xml:96:9-100:53
	android:launchMode
		ADDED from [open_ad_sdk.aar] AndroidManifest.xml:99:13-42
	android:configChanges
		ADDED from [open_ad_sdk.aar] AndroidManifest.xml:98:13-74
	android:theme
		ADDED from [open_ad_sdk.aar] AndroidManifest.xml:100:13-50
	android:name
		ADDED from [open_ad_sdk.aar] AndroidManifest.xml:97:13-102
service#com.bytedance.sdk.openadsdk.multipro.aidl.BinderPoolService
ADDED from [open_ad_sdk.aar] AndroidManifest.xml:102:9-95
	android:name
		ADDED from [open_ad_sdk.aar] AndroidManifest.xml:102:18-92
service#com.ss.android.socialbase.downloader.notification.DownloadNotificationService
ADDED from [open_ad_sdk.aar] AndroidManifest.xml:103:9-113
	android:name
		ADDED from [open_ad_sdk.aar] AndroidManifest.xml:103:18-110
service#com.ss.android.socialbase.downloader.downloader.DownloadService
ADDED from [open_ad_sdk.aar] AndroidManifest.xml:104:9-99